

Processing ApplicationController#index (for 127.0.0.1 at 2010-03-29 09:59:24) [GET]

ActionController::RoutingError (No route matches "/" with {:method=>:get}):
  

Rendering rescues/layout (not_found)


Processing ApplicationController#index (for 127.0.0.1 at 2010-03-29 09:59:44) [GET]

ActionController::RoutingError (No route matches "/home/index" with {:method=>:get}):
  

Rendering rescues/layout (not_found)


Processing HomeController#index (for 127.0.0.1 at 2010-03-29 09:59:55) [GET]
Rendering home/index
Completed in 250ms (View: 249, DB: 0) | 200 OK [http://localhost/home/index]


Processing HomeController#index (for 127.0.0.1 at 2010-03-29 10:00:33) [GET]
Rendering home/index
Completed in 5ms (View: 4, DB: 0) | 200 OK [http://localhost/home/index]


Processing HomeController#index (for 127.0.0.1 at 2010-03-29 10:01:26) [GET]
Rendering home/index
Completed in 7ms (View: 6, DB: 0) | 200 OK [http://localhost/home/index]


Processing HomeController#index (for 127.0.0.1 at 2010-03-29 10:01:28) [GET]
Rendering home/index
Completed in 2ms (View: 0, DB: 0) | 200 OK [http://localhost/]


Processing HomeController#index (for 127.0.0.1 at 2010-03-29 10:01:30) [GET]
Rendering home/index
Completed in 3ms (View: 1, DB: 0) | 200 OK [http://localhost/]


Processing HomeController#index (for 127.0.0.1 at 2010-03-29 10:02:48) [GET]
Rendering home/index
Completed in 5ms (View: 4, DB: 0) | 200 OK [http://localhost/]


Processing HomeController#index (for 127.0.0.1 at 2010-03-29 10:03:01) [GET]
Rendering home/index
Completed in 5ms (View: 4, DB: 0) | 200 OK [http://localhost/]
